<?xml version="1.0" encoding="UTF-8"?>
<coverage generated="1668084996817" clover="3.2.0">
  <project timestamp="1668084996817" name="All files">
    <metrics statements="5" coveredstatements="2" conditionals="0" coveredconditionals="0" methods="3" coveredmethods="2" elements="8" coveredelements="4" complexity="0" loc="5" ncloc="5" packages="1" files="1" classes="1"/>
    <file name="rectangle.js" path="/Users/Julian/Desktop/QA/hometask-integration-test/new/js/rectangle.js">
      <metrics statements="5" coveredstatements="2" conditionals="0" coveredconditionals="0" methods="3" coveredmethods="2"/>
      <line num="2" count="2" type="stmt"/>
      <line num="6" count="2" type="stmt"/>
      <line num="10" count="0" type="stmt"/>
      <line num="11" count="0" type="stmt"/>
      <line num="12" count="0" type="stmt"/>
    </file>
  </project>
</coverage>
