{"/Users/Julian/Desktop/QA/hometask-integration-test/new/js/rectangle.js": {"path":"/Users/Julian/Desktop/QA/hometask-integration-test/new/js/rectangle.js","statementMap":{"0":{"start":{"line":2,"column":4},"end":{"line":2,"column":32}},"1":{"start":{"line":6,"column":4},"end":{"line":6,"column":26}},"2":{"start":{"line":10,"column":17},"end":{"line":10,"column":48}},"3":{"start":{"line":11,"column":22},"end":{"line":11,"column":58}},"4":{"start":{"line":12,"column":4},"end":{"line":12,"column":95}}},"fnMap":{"0":{"name":"getRectanglePerimeter","decl":{"start":{"line":1,"column":16},"end":{"line":1,"column":37}},"loc":{"start":{"line":1,"column":53},"end":{"line":3,"column":1}},"line":1},"1":{"name":"getRectangleArea","decl":{"start":{"line":5,"column":16},"end":{"line":5,"column":32}},"loc":{"start":{"line":5,"column":48},"end":{"line":7,"column":1}},"line":5},"2":{"name":"getRectangleInfo","decl":{"start":{"line":9,"column":16},"end":{"line":9,"column":32}},"loc":{"start":{"line":9,"column":48},"end":{"line":13,"column":1}},"line":9}},"branchMap":{},"s":{"0":2,"1":2,"2":0,"3":0,"4":0},"f":{"0":2,"1":2,"2":0},"b":{},"_coverageSchema":"1a1c01bbd47fc00a2c39e90264f33305004495a9","hash":"9b3f73444d6ad3e04145fa216903e979da866558"}
}
